run
root=/mnt/c/mql/mt5-shellscripts/Terminal
exe=/mnt/c/mql/mt5-shellscripts/Terminal/terminal64.exe
ini=/mnt/c/mql/mt5-shellscripts/Terminal/cmdmt_tester.ini
start_ts=1766476062.7080145

terminal log: /mnt/c/mql/mt5-shellscripts/Terminal/Logs/20251223.log
OJ	0	04:47:46.569	MQL5	2 inputs read from script 'CmdmtPreDownload' set file "C:\mql\mt5-shellscripts\Terminal\MQL5\Presets\CmdmtPreDownload.set"
GD	0	04:47:46.573	Scripts	script CmdmtPreDownload (EURUSD,H1) loaded successfully
GH	0	04:47:46.578	Scripts	script CmdmtPreDownload (EURUSD,H1) closes terminal with code 1
JR	0	04:47:46.578	Scripts	script CmdmtPreDownload (EURUSD,H1) removed
MK	0	04:47:46.966	Network	'86013097': authorized on Dukascopy-demo-mt5-1 through mt5-demoas-1
EG	0	04:47:46.966	Network	'86013097': previous successful authorization performed from 177.37.141.253 on 2025.12.23 09:43:39
LE	0	04:47:47.242	Network	'86013097': terminal synchronized with Dukascopy Bank SA: 0 positions, 0 orders, 418 symbols, 0 spreads
LD	0	04:47:47.242	Network	'86013097': trading has been enabled - hedging mode
IN	0	04:47:47.810	Terminal	exit with code 1
JI	0	04:47:47.812	Network	'86013097': disconnected from Dukascopy-demo-mt5-1
LM	0	04:47:47.854	Terminal	stopped with 0
HI	0	04:47:47.964	Terminal	shutdown with 1

tester log: /mnt/c/mql/mt5-shellscripts/Terminal/Tester/Logs/20251223.log
LJ	0	04:43:41.192	Core 01	2025.12.20 00:00:00   [IndicatorStub] Indicador ZigZag anexado com sucesso.
OG	0	04:43:41.192	Core 01	2025.12.20 00:00:00   [IndicatorStub] Buffers salvos em cmdmt_buffers.txt
GF	0	04:43:41.192	Core 01	final balance 10000.00 USD
EG	0	04:43:41.192	Core 01	EURUSD,H1: 36302 ticks, 24 bars generated. Environment synchronized in 0:00:00.018. Test passed in 0:00:00.049.
IP	0	04:43:41.192	Core 01	EURUSD,H1: total time from login to stop testing 0:00:00.067 (including 0:00:00.018 for history data synchronization)
IR	0	04:43:41.192	Core 01	38 Mb memory used including 0.94 Mb of history data, 64 Mb of tick data
DJ	0	04:43:41.192	Core 01	log file "C:\mql\mt5-shellscripts\Terminal\Tester\Agent-127.0.0.1-3001\logs\20251223.log" written
FE	0	04:43:41.199	Tester	automatical testing finished
LL	0	04:43:41.200	Core 01	connection closed
NE	0	04:47:45.406	Tester	Local network farm switched off
NO	0	04:47:45.406	Tester	Cloud servers switched off
CE	2	04:47:46.444	Tester	no expert specified in the start config

buffers em 20251223.log
PI	0	04:37:55.885	Core 01	2025.12.20 00:00:00   [IndicatorStub] Buffers salvos em cmdmt_buffers.txt
HP	0	04:40:36.873	Core 01	2025.12.20 00:00:00   [IndicatorStub] Buffers salvos em cmdmt_buffers.txt
OG	0	04:43:41.192	Core 01	2025.12.20 00:00:00   [IndicatorStub] Buffers salvos em cmdmt_buffers.txt

data file: (none)

