run
root=/mnt/c/mql/mt5-shellscripts/Terminal
exe=/mnt/c/mql/mt5-shellscripts/Terminal/terminal64.exe
ini=/mnt/c/mql/mt5-shellscripts/Terminal/cmdmt_tester.ini
start_ts=1766475628.4753494

terminal log: /mnt/c/mql/mt5-shellscripts/Terminal/Logs/20251223.log
HF	0	04:37:56.983	Network	'86013097': disconnected from Dukascopy-demo-mt5-1
MQ	0	04:37:57.019	Terminal	stopped with 0
GD	0	04:37:57.133	Terminal	shutdown with 0
DP	0	04:40:29.073	Startup	successfully initialized from start config "C:\mql\mt5-shellscripts\Terminal\cmdmt_tester.ini"
MS	0	04:40:29.103	Terminal	Dukascopy MetaTrader 5 x64 build 5472 started for Dukascopy Bank SA
KJ	0	04:40:29.103	Terminal	Windows 11 build 26100, 24 x 12th Gen Intel Core i9-12900KF, AVX2, 31 / 63 Gb memory, 2304 / 3814 Gb disk, UAC, GMT-3
IK	0	04:40:29.103	Terminal	C:\mql\mt5-shellscripts\Terminal
RQ	0	04:40:29.103	Terminal	launched with C:\mql\mt5-shellscripts\Terminal\cmdmt_tester.ini
EO	2	04:40:30.873	Tester	no expert specified in the start config
RK	2	04:40:30.873	Terminal	tester didn't start
HN	0	04:40:30.955	MQL5	2 inputs read from script 'CmdmtPreDownload' set file "C:\mql\mt5-shellscripts\Terminal\MQL5\Presets\CmdmtPreDownload.set"
FP	0	04:40:30.958	Scripts	script CmdmtPreDownload (EURUSD,H1) loaded successfully
CD	0	04:40:30.963	Scripts	script CmdmtPreDownload (EURUSD,H1) closes terminal with code 1
NF	0	04:40:30.963	Scripts	script CmdmtPreDownload (EURUSD,H1) removed
QO	0	04:40:31.754	Network	'86013097': authorized on Dukascopy-demo-mt5-1 through mt5-demoas-1
IK	0	04:40:31.754	Network	'86013097': previous successful authorization performed from 177.37.141.253 on 2025.12.23 09:37:54
JG	0	04:40:32.041	Terminal	exit with code 1
IP	0	04:40:32.043	Network	'86013097': disconnected from Dukascopy-demo-mt5-1
CK	0	04:40:32.085	Terminal	stopped with 0
FR	0	04:40:32.189	Terminal	shutdown with 1

tester log: /mnt/c/mql/mt5-shellscripts/Terminal/Tester/Logs/20251223.log
DN	0	04:37:55.885	Core 01	EURUSD,H1: history cache allocated for 12350 bars and contains 12298 bars from 2024.01.02 00:00 to 2025.12.19 23:00
MI	0	04:37:55.885	Core 01	EURUSD,H1: history begins from 2024.01.02 00:00
KN	0	04:37:55.885	Core 01	EURUSD,H1 (Dukascopy-demo-mt5-1): every tick generating
KE	0	04:37:55.885	Core 01	testing with execution delay 1 milliseconds
IO	0	04:37:55.885	Core 01	EURUSD,H1: testing of Experts\IndicatorStub.ex5 from 2025.12.20 00:00 to 2025.12.23 00:00 started with inputs:
RP	0	04:37:55.885	Core 01	  IndicatorPath=ZigZag
MH	0	04:37:55.885	Core 01	  IndicatorParams=
JN	0	04:37:55.885	Core 01	program file added: \Indicators\ZigZag.ex5. 11588 bytes loaded
KH	0	04:37:55.885	Core 01	2025.12.20 00:00:00   [IndicatorStub] Indicador ZigZag anexado com sucesso.
PI	0	04:37:55.885	Core 01	2025.12.20 00:00:00   [IndicatorStub] Buffers salvos em cmdmt_buffers.txt
HQ	0	04:37:55.885	Core 01	final balance 10000.00 USD
GE	0	04:37:55.885	Core 01	EURUSD,H1: 36302 ticks, 24 bars generated. Environment synchronized in 0:00:00.017. Test passed in 0:00:00.050.
KG	0	04:37:55.885	Core 01	EURUSD,H1: total time from login to stop testing 0:00:00.067 (including 0:00:00.017 for history data synchronization)
JQ	0	04:37:55.885	Core 01	38 Mb memory used including 0.94 Mb of history data, 64 Mb of tick data
CH	0	04:37:55.885	Core 01	log file "C:\mql\mt5-shellscripts\Terminal\Tester\Agent-127.0.0.1-3001\logs\20251223.log" written
GF	0	04:37:55.901	Tester	automatical testing finished
PQ	0	04:37:55.901	Core 01	connection closed
LG	0	04:40:30.386	Tester	Local network farm switched off
LL	0	04:40:30.386	Tester	Cloud servers switched off
IS	2	04:40:30.873	Tester	no expert specified in the start config

buffers em 20251223.log
PI	0	04:37:55.885	Core 01	2025.12.20 00:00:00   [IndicatorStub] Buffers salvos em cmdmt_buffers.txt

data file: (none)

