run
root=/mnt/c/mql/mt5-shellscripts/Terminal
exe=/mnt/c/mql/mt5-shellscripts/Terminal/terminal64.exe
ini=/mnt/c/mql/mt5-shellscripts/Terminal/cmdmt_tester.ini
start_ts=1766476178.0919304

terminal log: /mnt/c/mql/mt5-shellscripts/Terminal/Logs/20251223.log
FL	0	04:49:40.783	Network	'86013097': authorized on Dukascopy-demo-mt5-1 through mt5-demoas-1
LH	0	04:49:40.783	Network	'86013097': previous successful authorization performed from 177.37.141.253 on 2025.12.23 09:47:51
EJ	0	04:49:41.056	Network	'86013097': terminal synchronized with Dukascopy Bank SA: 0 positions, 0 orders, 418 symbols, 0 spreads
EK	0	04:49:41.056	Network	'86013097': trading has been enabled - hedging mode
NM	0	04:49:41.404	Terminal	exit with code 1
EF	0	04:49:41.406	Network	'86013097': disconnected from Dukascopy-demo-mt5-1
JQ	0	04:49:41.452	Terminal	stopped with 0
FD	0	04:49:41.562	Terminal	shutdown with 1

tester log: /mnt/c/mql/mt5-shellscripts/Terminal/Tester/Logs/20251223.log
PK	0	04:47:53.425	Core 01	EURUSD,H1: total time from login to stop testing 0:00:00.085 (including 0:00:00.019 for history data synchronization)
IE	0	04:47:53.425	Core 01	49 Mb memory used including 0.94 Mb of history data, 64 Mb of tick data
JD	0	04:47:53.425	Core 01	log file "C:\mql\mt5-shellscripts\Terminal\Tester\Agent-127.0.0.1-3001\logs\20251223.log" written
KJ	0	04:47:53.432	Tester	automatical testing finished
DE	0	04:47:53.432	Core 01	connection closed
CS	0	04:49:39.756	Tester	Local network farm switched off
CH	0	04:49:39.756	Tester	Cloud servers switched off
LO	2	04:49:40.269	Tester	no expert specified in the start config

buffers em 20251223.log
PI	0	04:37:55.885	Core 01	2025.12.20 00:00:00   [IndicatorStub] Buffers salvos em cmdmt_buffers.txt
HP	0	04:40:36.873	Core 01	2025.12.20 00:00:00   [IndicatorStub] Buffers salvos em cmdmt_buffers.txt
OG	0	04:43:41.192	Core 01	2025.12.20 00:00:00   [IndicatorStub] Buffers salvos em cmdmt_buffers.txt
FN	0	04:47:53.425	Core 01	2025.12.16 00:00:00   [IndicatorStub] Buffers salvos em cmdmt_buffers.txt

data file: (none)

