run
root=/mnt/c/mql/mt5-shellscripts/Terminal
exe=/mnt/c/mql/mt5-shellscripts/Terminal/terminal64.exe
ini=/mnt/c/mql/mt5-shellscripts/Terminal/cmdmt_tester.ini
start_ts=1766569739.9706206

erros:
(nenhum)

terminal log: /mnt/c/mql/mt5-shellscripts/Terminal/Logs/20251224.log
ER	0	06:49:00.542	Startup	successfully initialized from start config "C:\mql\mt5-shellscripts\Terminal\cmdmt_tester.ini"
PE	0	06:49:00.584	Terminal	Dukascopy MetaTrader 5 x64 build 5472 started for Dukascopy Bank SA
FH	0	06:49:00.584	Terminal	Windows 11 build 26100, 24 x 12th Gen Intel Core i9-12900KF, AVX2, 35 / 63 Gb memory, 2306 / 3814 Gb disk, touchable, RDP, UAC, admin, GMT-3
NL	0	06:49:00.584	Terminal	C:\mql\mt5-shellscripts\Terminal
QF	0	06:49:00.584	Terminal	launched with C:\mql\mt5-shellscripts\Terminal\cmdmt_tester.ini
LL	0	06:49:03.040	MQL5	6 inputs read from script 'CmdmtPreDownload' set file "C:\mql\mt5-shellscripts\Terminal\MQL5\Presets\CmdmtPreDownload.set"
IM	0	06:49:03.044	Scripts	script CmdmtPreDownload (EURUSD,H1) loaded successfully
FM	0	06:49:03.641	Network	'86013097': authorized on Dukascopy-demo-mt5-1 through mt5-demoas-1
II	0	06:49:03.641	Network	'86013097': previous successful authorization performed from 177.37.141.253 on 2025.12.24 04:31:40
MK	0	06:49:03.911	Network	'86013097': terminal synchronized with Dukascopy Bank SA: 0 positions, 0 orders, 418 symbols, 0 spreads
IJ	0	06:49:03.911	Network	'86013097': trading has been enabled - hedging mode
CS	0	06:49:04.630	Network	'86013097': scanning network for access points
GE	0	06:49:05.049	Scripts	script CmdmtPreDownload (EURUSD,H1) closes terminal with code 1
RE	0	06:49:05.049	Scripts	script CmdmtPreDownload (EURUSD,H1) removed
GQ	0	06:49:05.902	Terminal	exit with code 1
PJ	0	06:49:05.904	Network	'86013097': disconnected from Dukascopy-demo-mt5-1
IM	0	06:49:05.938	Terminal	stopped with 0
OH	0	06:49:06.054	Terminal	shutdown with 1

mql5 log: /mnt/c/mql/mt5-shellscripts/Terminal/MQL5/Logs/20251224.log
PM	0	06:49:05.049	CmdmtPreDownload (EURUSD,H1)	[CmdmtPreDownload] attempt=1 copied=180 err=0

tester log: /mnt/c/mql/mt5-shellscripts/Terminal/Tester/Logs/20251224.log
LN	0	06:49:02.065	Tester	Local network farm switched off
DS	0	06:49:02.065	Tester	Cloud servers switched off

data file: /mnt/c/mql/mt5-shellscripts/Terminal/Tester/Agent-127.0.0.1-3000/MQL5/Files/cmdmt_buffers.txt
SymbolEURUSDPeriodPERIOD_H1
IndicatorZigZag
--- DATA WINDOW (shift=0) ---
buffer0value0.00000000
buffer1value0.00000000
buffer2value0.00000000
buffer3value0.00000000
buffer4value0.00000000
--- BUFFERS (last values) ---
buffer 0: 0.00000000 0.00000000 1.16200000 0.00000000 0.00000000
buffer 1: 0.00000000 0.00000000 0.00000000 0.00000000 0.00000000
buffer 2: 0.00000000 0.00000000 0.00000000 0.00000000 0.00000000
buffer 3: 0.00000000 0.00000000 1.16200000 0.00000000 0.00000000
buffer 4: 0.00000000 0.00000000 0.00000000 0.00000000 0.00000000

