run
root=/mnt/c/mql/mt5-shellscripts/Terminal
exe=/mnt/c/mql/mt5-shellscripts/Terminal/terminal64.exe
ini=/mnt/c/mql/mt5-shellscripts/Terminal/cmdmt_tester.ini
start_ts=1766475811.9404645

terminal log: /mnt/c/mql/mt5-shellscripts/Terminal/Logs/20251223.log
OE	0	04:43:34.722	MQL5	2 inputs read from script 'CmdmtPreDownload' set file "C:\mql\mt5-shellscripts\Terminal\MQL5\Presets\CmdmtPreDownload.set"
FG	0	04:43:34.726	Scripts	script CmdmtPreDownload (EURUSD,H1) loaded successfully
RM	0	04:43:34.730	Scripts	script CmdmtPreDownload (EURUSD,H1) closes terminal with code 1
GM	0	04:43:34.730	Scripts	script CmdmtPreDownload (EURUSD,H1) removed
QF	0	04:43:35.265	Network	'86013097': authorized on Dukascopy-demo-mt5-1 through mt5-demoas-1
DR	0	04:43:35.265	Network	'86013097': previous successful authorization performed from 177.37.141.253 on 2025.12.23 09:40:35
FQ	0	04:43:35.535	Network	'86013097': terminal synchronized with Dukascopy Bank SA: 0 positions, 0 orders, 418 symbols, 0 spreads
FQ	0	04:43:35.535	Network	'86013097': trading has been enabled - hedging mode
QS	0	04:43:36.304	Terminal	exit with code 1
GM	0	04:43:36.305	Network	'86013097': disconnected from Dukascopy-demo-mt5-1
CN	0	04:43:36.350	Terminal	stopped with 0
FM	0	04:43:36.461	Terminal	shutdown with 1

tester log: /mnt/c/mql/mt5-shellscripts/Terminal/Tester/Logs/20251223.log
CS	0	04:40:36.873	Core 01	2025.12.20 00:00:00   [IndicatorStub] Indicador ZigZag anexado com sucesso.
HP	0	04:40:36.873	Core 01	2025.12.20 00:00:00   [IndicatorStub] Buffers salvos em cmdmt_buffers.txt
PH	0	04:40:36.873	Core 01	final balance 10000.00 USD
ON	0	04:40:36.873	Core 01	EURUSD,H1: 36302 ticks, 24 bars generated. Environment synchronized in 0:00:00.019. Test passed in 0:00:00.047.
JI	0	04:40:36.873	Core 01	EURUSD,H1: total time from login to stop testing 0:00:00.066 (including 0:00:00.019 for history data synchronization)
JK	0	04:40:36.873	Core 01	38 Mb memory used including 0.94 Mb of history data, 64 Mb of tick data
CS	0	04:40:36.873	Core 01	log file "C:\mql\mt5-shellscripts\Terminal\Tester\Agent-127.0.0.1-3001\logs\20251223.log" written
HL	0	04:40:36.880	Tester	automatical testing finished
OG	0	04:40:36.880	Core 01	connection closed
KL	0	04:43:33.981	Tester	Local network farm switched off
FE	0	04:43:33.982	Tester	Cloud servers switched off
FL	2	04:43:34.534	Tester	no expert specified in the start config

buffers em 20251223.log
PI	0	04:37:55.885	Core 01	2025.12.20 00:00:00   [IndicatorStub] Buffers salvos em cmdmt_buffers.txt
HP	0	04:40:36.873	Core 01	2025.12.20 00:00:00   [IndicatorStub] Buffers salvos em cmdmt_buffers.txt

data file: (none)

