run
root=/mnt/c/mql/mt5-shellscripts/Terminal
exe=/mnt/c/mql/mt5-shellscripts/Terminal/terminal64.exe
ini=/mnt/c/mql/mt5-shellscripts/Terminal/cmdmt_tester.ini
start_ts=1766540854.761439

terminal log: /mnt/c/mql/mt5-shellscripts/Terminal/Logs/20251223.log
QF	0	22:47:38.349	Network	'86013097': authorized on Dukascopy-demo-mt5-1 through mt5-demoas-1
LR	0	22:47:38.349	Network	'86013097': previous successful authorization performed from 177.37.141.253 on 2025.12.24 03:43:04
FP	0	22:47:38.624	Network	'86013097': terminal synchronized with Dukascopy Bank SA: 0 positions, 0 orders, 418 symbols, 0 spreads
RQ	0	22:47:38.624	Network	'86013097': trading has been enabled - hedging mode
QR	0	22:47:39.389	Terminal	exit with code -1000012354
NK	0	22:47:39.392	Network	'86013097': disconnected from Dukascopy-demo-mt5-1
PO	0	22:47:39.453	Terminal	stopped with 0
LQ	0	22:47:39.559	Terminal	shutdown with -1000012354 (tester no expert specified in the start config)

mql5 log: /mnt/c/mql/mt5-shellscripts/Terminal/MQL5/Logs/20251223.log
ME	0	04:40:30.963	CmdmtPreDownload (EURUSD,H1)	[CmdmtPreDownload] attempt=1 copied=48 err=0
RQ	0	04:43:34.730	CmdmtPreDownload (EURUSD,H1)	[CmdmtPreDownload] attempt=1 copied=48 err=0
GN	0	04:47:46.577	CmdmtPreDownload (EURUSD,H1)	[CmdmtPreDownload] attempt=1 copied=144 err=0
NK	0	04:49:40.358	CmdmtPreDownload (EURUSD,H1)	[CmdmtPreDownload] attempt=1 copied=144 err=0
LG	0	04:52:26.741	CmdmtPreDownload (EURUSD,H1)	[CmdmtPreDownload] attempt=1 copied=144 err=0
KS	0	05:01:05.382	CmdmtPreDownload (EURUSD,H1)	[CmdmtPreDownload] attempt=1 copied=144 err=0
KO	0	21:37:31.977	CmdmtPreDownload (EURUSD,M1)	[CmdmtPreDownload] attempt=1 copied=10207 err=0
JK	0	21:51:32.730	CmdmtPreDownload (EURUSD,M1)	[CmdmtPreDownload] attempt=1 copied=50000 err=0

tester log: /mnt/c/mql/mt5-shellscripts/Terminal/Tester/Logs/20251223.log
CQ	0	22:43:05.160	Core 01	EURUSD,H1: total time from login to stop testing 0:00:00.174 (including 0:00:00.018 for history data synchronization)
FS	0	22:43:05.160	Core 01	83 Mb memory used including 0.94 Mb of history data, 64 Mb of tick data
GJ	0	22:43:05.160	Core 01	log file "C:\mql\mt5-shellscripts\Terminal\Tester\Agent-127.0.0.1-3001\logs\20251223.log" written
HD	0	22:43:05.168	Tester	automatical testing finished
OO	0	22:43:05.168	Core 01	connection closed
GE	0	22:47:37.033	Tester	Local network farm switched off
ON	0	22:47:37.033	Tester	Cloud servers switched off
FE	2	22:47:37.786	Tester	no expert specified in the start config

erros:
LD	0	04:47:54.635	Terminal	shutdown with 0
KJ	2	04:49:40.269	Terminal	tester didn't start
FD	0	04:49:41.562	Terminal	shutdown with 1
RG	0	04:52:04.504	Terminal	shutdown with 0
HE	2	04:52:26.624	Terminal	tester didn't start
DG	0	04:52:27.791	Terminal	shutdown with 1
JN	0	04:59:48.736	Terminal	shutdown with 0
CL	2	05:01:04.479	Terminal	tester didn't start
CN	0	05:01:06.345	Terminal	shutdown with 1
PI	0	05:01:13.178	Terminal	shutdown with 0
LH	2	21:37:30.579	Terminal	tester didn't start
FI	0	21:37:33.145	Terminal	shutdown with 1
DN	0	21:37:39.313	Terminal	shutdown with 0
PL	2	21:42:41.245	Terminal	tester didn't start
JF	0	21:47:19.268	Terminal	shutdown with 0
EE	2	21:51:31.461	Terminal	tester didn't start
KF	0	21:51:33.841	Terminal	shutdown with 1
CM	0	21:59:52.108	Terminal	shutdown with 0
JS	2	22:00:02.593	Terminal	tester didn't start
JI	0	22:00:09.951	Terminal	shutdown with 0
NH	2	22:42:58.127	Terminal	tester didn't start
GE	0	22:43:06.550	Terminal	shutdown with 0
KD	2	22:47:37.786	Terminal	tester didn't start
OM	3	21:51:38.477	Tester	EURUSD: no history data from 2025.10.24 00:00 to 2025.12.23 00:00

buffers em 20251223.log
RI	0	21:37:38.084	Core 01	2025.12.16 00:00:00   [IndicatorStub] Buffers salvos em cmdmt_buffers.txt
NO	0	21:42:48.146	Core 01	2025.12.16 00:00:00   [IndicatorStub] Buffers salvos em cmdmt_buffers.txt
JM	0	22:00:08.913	Core 01	2025.10.24 00:00:00   [IndicatorStub] Buffers salvos em cmdmt_buffers.txt
JN	0	22:43:05.160	Core 01	2025.10.24 00:00:00   [IndicatorStub] Buffers salvos em cmdmt_buffers.txt

data file: /mnt/c/mql/mt5-shellscripts/Terminal/Tester/Agent-127.0.0.1-3001/MQL5/Files/cmdmt_buffers.txt
SymbolEURUSDPeriodPERIOD_H1
IndicatorZigZag
--- DATA WINDOW (shift=0) ---
buffer0value0.00000000
buffer1value0.00000000
buffer2value0.00000000
buffer3value0.00000000
buffer4value0.00000000
--- BUFFERS (last values) ---
buffer 0: 0.00000000 0.00000000 1.16200000 0.00000000 0.00000000
buffer 1: 0.00000000 0.00000000 0.00000000 0.00000000 0.00000000
buffer 2: 0.00000000 0.00000000 0.00000000 0.00000000 0.00000000
buffer 3: 0.00000000 0.00000000 1.16200000 0.00000000 0.00000000
buffer 4: 0.00000000 0.00000000 0.00000000 0.00000000 0.00000000

