run
root=/mnt/c/mql/mt5-shellscripts/Terminal
exe=/mnt/c/mql/mt5-shellscripts/Terminal/terminal64.exe
ini=/mnt/c/mql/mt5-shellscripts/Terminal/cmdmt_tester.ini
start_ts=1766541013.691484

terminal log: /mnt/c/mql/mt5-shellscripts/Terminal/Logs/20251223.log
IN	0	22:50:16.365	Network	'86013097': authorized on Dukascopy-demo-mt5-1 through mt5-demoas-1
NJ	0	22:50:16.365	Network	'86013097': previous successful authorization performed from 177.37.141.253 on 2025.12.24 03:49:04
NH	0	22:50:16.644	Network	'86013097': terminal synchronized with Dukascopy Bank SA: 0 positions, 0 orders, 418 symbols, 0 spreads
RI	0	22:50:16.644	Network	'86013097': trading has been enabled - hedging mode
LJ	0	22:50:16.929	Terminal	exit with code -1000012354
JS	0	22:50:16.931	Network	'86013097': disconnected from Dukascopy-demo-mt5-1
HD	0	22:50:16.973	Terminal	stopped with 0
NI	0	22:50:17.085	Terminal	shutdown with -1000012354 (tester no expert specified in the start config)

mql5 log: /mnt/c/mql/mt5-shellscripts/Terminal/MQL5/Logs/20251223.log
ME	0	04:40:30.963	CmdmtPreDownload (EURUSD,H1)	[CmdmtPreDownload] attempt=1 copied=48 err=0
RQ	0	04:43:34.730	CmdmtPreDownload (EURUSD,H1)	[CmdmtPreDownload] attempt=1 copied=48 err=0
GN	0	04:47:46.577	CmdmtPreDownload (EURUSD,H1)	[CmdmtPreDownload] attempt=1 copied=144 err=0
NK	0	04:49:40.358	CmdmtPreDownload (EURUSD,H1)	[CmdmtPreDownload] attempt=1 copied=144 err=0
LG	0	04:52:26.741	CmdmtPreDownload (EURUSD,H1)	[CmdmtPreDownload] attempt=1 copied=144 err=0
KS	0	05:01:05.382	CmdmtPreDownload (EURUSD,H1)	[CmdmtPreDownload] attempt=1 copied=144 err=0
KO	0	21:37:31.977	CmdmtPreDownload (EURUSD,M1)	[CmdmtPreDownload] attempt=1 copied=10207 err=0
JK	0	21:51:32.730	CmdmtPreDownload (EURUSD,M1)	[CmdmtPreDownload] attempt=1 copied=50000 err=0

tester log: /mnt/c/mql/mt5-shellscripts/Terminal/Tester/Logs/20251223.log
IF	0	22:49:05.199	Core 01	EURUSD,H1: total time from login to stop testing 0:00:00.199 (including 0:00:00.019 for history data synchronization)
JP	0	22:49:05.199	Core 01	83 Mb memory used including 0.94 Mb of history data, 64 Mb of tick data
CH	0	22:49:05.199	Core 01	log file "C:\mql\mt5-shellscripts\Terminal\Tester\Agent-127.0.0.1-3001\logs\20251223.log" written
EG	0	22:49:05.208	Tester	automatical testing finished
MN	0	22:49:05.209	Core 01	connection closed
NG	0	22:50:14.918	Tester	Local network farm switched off
FL	0	22:50:14.918	Tester	Cloud servers switched off
LS	2	22:50:15.937	Tester	no expert specified in the start config

buffers em 20251223.log
JM	0	22:00:08.913	Core 01	2025.10.24 00:00:00   [IndicatorStub] Buffers salvos em cmdmt_buffers.txt
JN	0	22:43:05.160	Core 01	2025.10.24 00:00:00   [IndicatorStub] Buffers salvos em cmdmt_buffers.txt
HN	0	22:47:45.081	Core 01	2025.10.24 00:00:00   [IndicatorStub] Buffers salvos em cmdmt_buffers.txt
FO	0	22:49:05.199	Core 01	2025.10.24 00:00:00   [IndicatorStub] Buffers salvos em cmdmt_buffers.txt

data file: /mnt/c/mql/mt5-shellscripts/Terminal/Tester/Agent-127.0.0.1-3001/MQL5/Files/cmdmt_buffers.txt
SymbolEURUSDPeriodPERIOD_H1
IndicatorZigZag
--- DATA WINDOW (shift=0) ---
buffer0value0.00000000
buffer1value0.00000000
buffer2value0.00000000
buffer3value0.00000000
buffer4value0.00000000
--- BUFFERS (last values) ---
buffer 0: 0.00000000 0.00000000 1.16200000 0.00000000 0.00000000
buffer 1: 0.00000000 0.00000000 0.00000000 0.00000000 0.00000000
buffer 2: 0.00000000 0.00000000 0.00000000 0.00000000 0.00000000
buffer 3: 0.00000000 0.00000000 1.16200000 0.00000000 0.00000000
buffer 4: 0.00000000 0.00000000 0.00000000 0.00000000 0.00000000

