run
root=/mnt/c/mql/mt5-shellscripts/Terminal
exe=/mnt/c/mql/mt5-shellscripts/Terminal/terminal64.exe
ini=/mnt/c/mql/mt5-shellscripts/Terminal/cmdmt_tester.ini
start_ts=1766442498.7473774

terminal log: /mnt/c/mql/mt5-shellscripts/Terminal/Logs/20251222.log
FL	0	17:17:04.932	Terminal	shutdown with 0
JK	0	19:28:19.496	Startup	successfully initialized from start config "C:\mql\mt5-shellscripts\Terminal\cmdmt_tester.ini"
GK	0	19:28:19.533	Terminal	Dukascopy MetaTrader 5 x64 build 5472 started for Dukascopy Bank SA
DR	0	19:28:19.533	Terminal	Windows 11 build 26100, 24 x 12th Gen Intel Core i9-12900KF, AVX2, 34 / 63 Gb memory, 2306 / 3814 Gb disk, UAC, GMT-3
KS	0	19:28:19.533	Terminal	C:\mql\mt5-shellscripts\Terminal
DI	0	19:28:19.533	Terminal	launched with C:\mql\mt5-shellscripts\Terminal\cmdmt_tester.ini
CF	2	19:28:21.422	Tester	no expert specified in the start config
PR	2	19:28:21.422	Terminal	tester didn't start
IG	0	19:28:21.514	MQL5	2 inputs read from script 'CmdmtPreDownload' set file "C:\mql\mt5-shellscripts\Terminal\MQL5\Presets\CmdmtPreDownload.set"
QH	0	19:28:21.517	Scripts	script CmdmtPreDownload (EURUSD,H1) loaded successfully
FO	0	19:28:21.522	Scripts	script CmdmtPreDownload (EURUSD,H1) closes terminal with code 1
KO	0	19:28:21.522	Scripts	script CmdmtPreDownload (EURUSD,H1) removed
HD	0	19:28:22.151	Network	'86013097': authorized on Dukascopy-demo-mt5-1 through mt5-demoas-1
HP	0	19:28:22.151	Network	'86013097': previous successful authorization performed from 177.37.141.253 on 2025.12.22 22:17:03
LR	0	19:28:22.503	Network	'86013097': terminal synchronized with Dukascopy Bank SA: 0 positions, 0 orders, 418 symbols, 0 spreads
LS	0	19:28:22.503	Network	'86013097': trading has been enabled - hedging mode
ME	0	19:28:22.618	Terminal	exit with code 1
MN	0	19:28:22.620	Network	'86013097': disconnected from Dukascopy-demo-mt5-1
LI	0	19:28:22.672	Terminal	stopped with 0
EL	0	19:28:22.790	Terminal	shutdown with 1

tester log: /mnt/c/mql/mt5-shellscripts/Terminal/Tester/Logs/20251222.log
EQ	0	17:17:03.666	Core 01	EURUSD: history synchronized from 2024.01.02 to 2025.12.19
HG	0	17:17:03.666	Core 01	EURUSD,H1: history cache allocated for 12326 bars and contains 12274 bars from 2024.01.02 00:00 to 2025.12.18 23:00
KP	0	17:17:03.666	Core 01	EURUSD,H1: history begins from 2024.01.02 00:00
IE	0	17:17:03.666	Core 01	EURUSD,H1 (Dukascopy-demo-mt5-1): every tick generating
MR	0	17:17:03.666	Core 01	testing with execution delay 1 milliseconds
NF	0	17:17:03.666	Core 01	EURUSD,H1: testing of Experts\IndicatorStub.ex5 from 2025.12.19 00:00 to 2025.12.22 00:00 started with inputs:
DJ	0	17:17:03.666	Core 01	  IndicatorPath=ZigZag
OQ	0	17:17:03.666	Core 01	  IndicatorParams=
QD	0	17:17:03.666	Core 01	program file added: \Indicators\ZigZag.ex5. 10892 bytes loaded
GS	0	17:17:03.666	Core 01	2025.12.19 00:00:00   [IndicatorStub] Indicador ZigZag anexado com sucesso.
HP	0	17:17:03.666	Core 01	2025.12.19 00:00:00   [IndicatorStub] Buffers salvos em cmdmt_buffers.txt
FH	0	17:17:03.666	Core 01	final balance 10000.00 USD
KS	0	17:17:03.666	Core 01	EURUSD,H1: 41680 ticks, 24 bars generated. Test passed in 0:00:00.075.
MS	0	17:17:03.666	Core 01	40 Mb memory used including 0.94 Mb of history data, 64 Mb of tick data
JJ	0	17:17:03.666	Core 01	log file "C:\mql\mt5-shellscripts\Terminal\Tester\Agent-127.0.0.1-3001\logs\20251222.log" written
KD	0	17:17:03.674	Tester	automatical testing finished
HO	0	17:17:03.674	Core 01	connection closed
HE	0	19:28:20.909	Tester	Local network farm switched off
HN	0	19:28:20.909	Tester	Cloud servers switched off
ME	2	19:28:21.422	Tester	no expert specified in the start config

buffers em 20251222.log
HP	0	17:17:03.666	Core 01	2025.12.19 00:00:00   [IndicatorStub] Buffers salvos em cmdmt_buffers.txt

data file: (none)

