run
root=/mnt/c/mql/mt5-shellscripts/Terminal
exe=/mnt/c/mql/mt5-shellscripts/Terminal/terminal64.exe
ini=/mnt/c/mql/mt5-shellscripts/Terminal/cmdmt_tester.ini
start_ts=1766476068.207306

terminal log: /mnt/c/mql/mt5-shellscripts/Terminal/Logs/20251223.log
FH	0	04:47:48.821	Terminal	C:\mql\mt5-shellscripts\Terminal
EM	0	04:47:48.821	Terminal	launched with C:\mql\mt5-shellscripts\Terminal\cmdmt_tester.ini
IJ	0	04:47:51.906	Network	'86013097': authorized on Dukascopy-demo-mt5-1 through mt5-demoas-1
MF	0	04:47:51.906	Network	'86013097': previous successful authorization performed from 177.37.141.253 on 2025.12.23 09:47:46
PE	0	04:47:52.181	Network	'86013097': terminal synchronized with Dukascopy Bank SA: 0 positions, 0 orders, 418 symbols, 0 spreads
PE	0	04:47:52.181	Network	'86013097': trading has been enabled - hedging mode
HP	0	04:47:52.565	Tester	automatical testing started
LK	0	04:47:53.432	Tester	last test passed with result "successfully finished" in 0:00:00.066
RM	0	04:47:54.492	Terminal	exit with code 0
GF	0	04:47:54.493	Network	'86013097': disconnected from Dukascopy-demo-mt5-1
LQ	0	04:47:54.531	Terminal	stopped with 0
LD	0	04:47:54.635	Terminal	shutdown with 0

tester log: /mnt/c/mql/mt5-shellscripts/Terminal/Tester/Logs/20251223.log
OL	0	04:47:53.425	Core 01	  IndicatorPath=ZigZag
DS	0	04:47:53.425	Core 01	  IndicatorParams=
IJ	0	04:47:53.425	Core 01	program file added: \Indicators\ZigZag.ex5. 11106 bytes loaded
IE	0	04:47:53.425	Core 01	2025.12.16 00:00:00   [IndicatorStub] Indicador ZigZag anexado com sucesso.
FN	0	04:47:53.425	Core 01	2025.12.16 00:00:00   [IndicatorStub] Buffers salvos em cmdmt_buffers.txt
QM	0	04:47:53.425	Core 01	final balance 10000.00 USD
JI	0	04:47:53.425	Core 01	EURUSD,H1: 227872 ticks, 120 bars generated. Environment synchronized in 0:00:00.019. Test passed in 0:00:00.066.
PK	0	04:47:53.425	Core 01	EURUSD,H1: total time from login to stop testing 0:00:00.085 (including 0:00:00.019 for history data synchronization)
IE	0	04:47:53.425	Core 01	49 Mb memory used including 0.94 Mb of history data, 64 Mb of tick data
JD	0	04:47:53.425	Core 01	log file "C:\mql\mt5-shellscripts\Terminal\Tester\Agent-127.0.0.1-3001\logs\20251223.log" written
KJ	0	04:47:53.432	Tester	automatical testing finished
DE	0	04:47:53.432	Core 01	connection closed

buffers em 20251223.log
PI	0	04:37:55.885	Core 01	2025.12.20 00:00:00   [IndicatorStub] Buffers salvos em cmdmt_buffers.txt
HP	0	04:40:36.873	Core 01	2025.12.20 00:00:00   [IndicatorStub] Buffers salvos em cmdmt_buffers.txt
OG	0	04:43:41.192	Core 01	2025.12.20 00:00:00   [IndicatorStub] Buffers salvos em cmdmt_buffers.txt
FN	0	04:47:53.425	Core 01	2025.12.16 00:00:00   [IndicatorStub] Buffers salvos em cmdmt_buffers.txt

data file: /mnt/c/mql/mt5-shellscripts/Terminal/Tester/Agent-127.0.0.1-3001/MQL5/Files/cmdmt_buffers.txt
SymbolEURUSDPeriodPERIOD_H1
IndicatorZigZag
--- DATA WINDOW (shift=0) ---
buffer0value0.00000000
buffer1value0.00000000
buffer2value0.00000000
buffer3value0.00000000
buffer4value0.00000000
--- BUFFERS (last values) ---
buffer 0: 0.00000000 0.00000000 0.00000000 0.00000000 0.00000000
buffer 1: 0.00000000 0.00000000 0.00000000 0.00000000 0.00000000
buffer 2: 0.00000000 0.00000000 0.00000000 0.00000000 0.00000000
buffer 3: 0.00000000 0.00000000 0.00000000 0.00000000 0.00000000
buffer 4: 0.00000000 0.00000000 0.00000000 0.00000000 0.00000000

