run
root=/mnt/c/mql/mt5-shellscripts/Terminal
exe=/mnt/c/mql/mt5-shellscripts/Terminal/terminal64.exe
ini=/mnt/c/mql/mt5-shellscripts/Terminal/cmdmt_tester.ini
start_ts=1766475470.7100496

terminal log: /mnt/c/mql/mt5-shellscripts/Terminal/Logs/20251223.log
LO	0	04:37:51.314	Terminal	Dukascopy MetaTrader 5 x64 build 5472 started for Dukascopy Bank SA
NN	0	04:37:51.314	Terminal	Windows 11 build 26100, 24 x 12th Gen Intel Core i9-12900KF, AVX2, 31 / 63 Gb memory, 2304 / 3814 Gb disk, UAC, GMT-3
HO	0	04:37:51.314	Terminal	C:\mql\mt5-shellscripts\Terminal
OE	0	04:37:51.314	Terminal	launched with C:\mql\mt5-shellscripts\Terminal\cmdmt_tester.ini
CS	0	04:37:54.430	Network	'86013097': authorized on Dukascopy-demo-mt5-1 through mt5-demoas-1
GO	0	04:37:54.430	Network	'86013097': previous successful authorization performed from 177.37.141.253 on 2025.12.23 09:37:50
OM	0	04:37:54.703	Network	'86013097': terminal synchronized with Dukascopy Bank SA: 0 positions, 0 orders, 418 symbols, 0 spreads
OL	0	04:37:54.703	Network	'86013097': trading has been enabled - hedging mode
GI	0	04:37:55.065	Tester	automatical testing started
GN	0	04:37:55.383	Network	'86013097': scanning network for access points
KD	0	04:37:55.901	Tester	last test passed with result "successfully finished" in 0:00:00.050
QJ	0	04:37:56.982	Terminal	exit with code 0
HF	0	04:37:56.983	Network	'86013097': disconnected from Dukascopy-demo-mt5-1
MQ	0	04:37:57.019	Terminal	stopped with 0
GD	0	04:37:57.133	Terminal	shutdown with 0

tester log: /mnt/c/mql/mt5-shellscripts/Terminal/Tester/Logs/20251223.log
KN	0	04:37:55.885	Core 01	EURUSD,H1 (Dukascopy-demo-mt5-1): every tick generating
KE	0	04:37:55.885	Core 01	testing with execution delay 1 milliseconds
IO	0	04:37:55.885	Core 01	EURUSD,H1: testing of Experts\IndicatorStub.ex5 from 2025.12.20 00:00 to 2025.12.23 00:00 started with inputs:
RP	0	04:37:55.885	Core 01	  IndicatorPath=ZigZag
MH	0	04:37:55.885	Core 01	  IndicatorParams=
JN	0	04:37:55.885	Core 01	program file added: \Indicators\ZigZag.ex5. 11588 bytes loaded
KH	0	04:37:55.885	Core 01	2025.12.20 00:00:00   [IndicatorStub] Indicador ZigZag anexado com sucesso.
PI	0	04:37:55.885	Core 01	2025.12.20 00:00:00   [IndicatorStub] Buffers salvos em cmdmt_buffers.txt
HQ	0	04:37:55.885	Core 01	final balance 10000.00 USD
GE	0	04:37:55.885	Core 01	EURUSD,H1: 36302 ticks, 24 bars generated. Environment synchronized in 0:00:00.017. Test passed in 0:00:00.050.
KG	0	04:37:55.885	Core 01	EURUSD,H1: total time from login to stop testing 0:00:00.067 (including 0:00:00.017 for history data synchronization)
JQ	0	04:37:55.885	Core 01	38 Mb memory used including 0.94 Mb of history data, 64 Mb of tick data
CH	0	04:37:55.885	Core 01	log file "C:\mql\mt5-shellscripts\Terminal\Tester\Agent-127.0.0.1-3001\logs\20251223.log" written
GF	0	04:37:55.901	Tester	automatical testing finished
PQ	0	04:37:55.901	Core 01	connection closed

buffers em 20251223.log
PI	0	04:37:55.885	Core 01	2025.12.20 00:00:00   [IndicatorStub] Buffers salvos em cmdmt_buffers.txt

data file: /mnt/c/mql/mt5-shellscripts/Terminal/Tester/Agent-127.0.0.1-3001/MQL5/Files/cmdmt_buffers.txt
SymbolEURUSDPeriodPERIOD_H1
IndicatorZigZag
--- DATA WINDOW (shift=0) ---
buffer0value0.00000000
buffer1value0.00000000
buffer2value0.00000000
buffer3value0.00000000
buffer4value0.00000000
--- BUFFERS (last values) ---
buffer 0: 0.00000000 0.00000000 0.00000000 0.00000000 0.00000000
buffer 1: 0.00000000 0.00000000 0.00000000 0.00000000 0.00000000
buffer 2: 0.00000000 0.00000000 0.00000000 0.00000000 0.00000000
buffer 3: 0.00000000 0.00000000 0.00000000 0.00000000 0.00000000
buffer 4: 0.00000000 0.00000000 0.00000000 0.00000000 0.00000000

