run
root=/mnt/c/mql/mt5-shellscripts/Terminal
exe=/mnt/c/mql/mt5-shellscripts/Terminal/terminal64.exe
ini=/mnt/c/mql/mt5-shellscripts/Terminal/cmdmt_tester.ini
start_ts=1766536653.9313843

terminal log: /mnt/c/mql/mt5-shellscripts/Terminal/Logs/20251223.log
CD	0	21:37:38.110	Tester	last test passed with result "successfully finished" in 0:00:00.061
DE	0	21:37:38.205	Network	'86013097': scanning network for access points
NS	0	21:37:39.174	Terminal	exit with code 0
GL	0	21:37:39.175	Network	'86013097': disconnected from Dukascopy-demo-mt5-1
CN	0	21:37:39.209	Terminal	stopped with 0
DN	0	21:37:39.313	Terminal	shutdown with 0

mql5 log: /mnt/c/mql/mt5-shellscripts/Terminal/MQL5/Logs/20251223.log
RQ	0	04:43:34.730	CmdmtPreDownload (EURUSD,H1)	[CmdmtPreDownload] attempt=1 copied=48 err=0
GN	0	04:47:46.577	CmdmtPreDownload (EURUSD,H1)	[CmdmtPreDownload] attempt=1 copied=144 err=0
NK	0	04:49:40.358	CmdmtPreDownload (EURUSD,H1)	[CmdmtPreDownload] attempt=1 copied=144 err=0
LG	0	04:52:26.741	CmdmtPreDownload (EURUSD,H1)	[CmdmtPreDownload] attempt=1 copied=144 err=0
KS	0	05:01:05.382	CmdmtPreDownload (EURUSD,H1)	[CmdmtPreDownload] attempt=1 copied=144 err=0
KO	0	21:37:31.977	CmdmtPreDownload (EURUSD,M1)	[CmdmtPreDownload] attempt=1 copied=10207 err=0

tester log: /mnt/c/mql/mt5-shellscripts/Terminal/Tester/Logs/20251223.log
RF	0	21:37:38.084	Core 01	EURUSD,H1: 28097 ticks, 120 bars generated. Environment synchronized in 0:00:00.045. Test passed in 0:00:00.061.
CF	0	21:37:38.084	Core 01	EURUSD,H1: total time from login to stop testing 0:00:00.106 (including 0:00:00.045 for history data synchronization)
FP	0	21:37:38.084	Core 01	35 Mb memory used including 0.94 Mb of history data, 64 Mb of tick data
KH	0	21:37:38.084	Core 01	log file "C:\mql\mt5-shellscripts\Terminal\Tester\Agent-127.0.0.1-3000\logs\20251223.log" written
OG	0	21:37:38.110	Tester	automatical testing finished
GN	0	21:37:38.111	Core 01	connection closed

buffers em 20251223.log
FN	0	04:47:53.425	Core 01	2025.12.16 00:00:00   [IndicatorStub] Buffers salvos em cmdmt_buffers.txt
PS	0	04:52:32.532	Core 01	2025.12.16 00:00:00   [IndicatorStub] Buffers salvos em cmdmt_buffers.txt
FP	0	05:01:11.875	Core 01	2025.12.16 00:00:00   [IndicatorStub] Buffers salvos em cmdmt_buffers.txt
RI	0	21:37:38.084	Core 01	2025.12.16 00:00:00   [IndicatorStub] Buffers salvos em cmdmt_buffers.txt

data file: /mnt/c/mql/mt5-shellscripts/Terminal/Tester/Agent-127.0.0.1-3000/MQL5/Files/cmdmt_buffers.txt
SymbolEURUSDPeriodPERIOD_H1
IndicatorZigZag
--- DATA WINDOW (shift=0) ---
buffer0value0.00000000
buffer1value0.00000000
buffer2value0.00000000
buffer3value0.00000000
buffer4value0.00000000
--- BUFFERS (last values) ---
buffer 0: 0.00000000 0.00000000 0.00000000 0.00000000 0.00000000
buffer 1: 0.00000000 0.00000000 0.00000000 0.00000000 0.00000000
buffer 2: 0.00000000 0.00000000 0.00000000 0.00000000 0.00000000
buffer 3: 0.00000000 0.00000000 0.00000000 0.00000000 0.00000000
buffer 4: 0.00000000 0.00000000 0.00000000 0.00000000 0.00000000

