run
root=/mnt/c/mql/mt5-shellscripts/Terminal
exe=/mnt/c/mql/mt5-shellscripts/Terminal/terminal64.exe
ini=/mnt/c/mql/mt5-shellscripts/Terminal/cmdmt_tester.ini
start_ts=1766476861.6408672

terminal log: /mnt/c/mql/mt5-shellscripts/Terminal/Logs/20251223.log
RG	0	05:01:05.382	Scripts	script CmdmtPreDownload (EURUSD,H1) closes terminal with code 1
GG	0	05:01:05.382	Scripts	script CmdmtPreDownload (EURUSD,H1) removed
PS	0	05:01:06.187	Terminal	exit with code 1
OL	0	05:01:06.189	Network	'86013097': disconnected from Dukascopy-demo-mt5-1
MO	0	05:01:06.233	Terminal	stopped with 0
CN	0	05:01:06.345	Terminal	shutdown with 1

mql5 log: /mnt/c/mql/mt5-shellscripts/Terminal/MQL5/Logs/20251223.log
ME	0	04:40:30.963	CmdmtPreDownload (EURUSD,H1)	[CmdmtPreDownload] attempt=1 copied=48 err=0
RQ	0	04:43:34.730	CmdmtPreDownload (EURUSD,H1)	[CmdmtPreDownload] attempt=1 copied=48 err=0
GN	0	04:47:46.577	CmdmtPreDownload (EURUSD,H1)	[CmdmtPreDownload] attempt=1 copied=144 err=0
NK	0	04:49:40.358	CmdmtPreDownload (EURUSD,H1)	[CmdmtPreDownload] attempt=1 copied=144 err=0
LG	0	04:52:26.741	CmdmtPreDownload (EURUSD,H1)	[CmdmtPreDownload] attempt=1 copied=144 err=0
KS	0	05:01:05.382	CmdmtPreDownload (EURUSD,H1)	[CmdmtPreDownload] attempt=1 copied=144 err=0

tester log: /mnt/c/mql/mt5-shellscripts/Terminal/Tester/Logs/20251223.log
GN	0	04:52:32.532	Core 01	49 Mb memory used including 0.94 Mb of history data, 64 Mb of tick data
KN	0	04:52:32.532	Core 01	log file "C:\mql\mt5-shellscripts\Terminal\Tester\Agent-127.0.0.1-3000\logs\20251223.log" written
PQ	0	04:52:32.538	Core 01	connection closed
QG	0	05:01:03.695	Tester	Local network farm switched off
IL	0	05:01:03.695	Tester	Cloud servers switched off
JS	2	05:01:04.479	Tester	no expert specified in the start config

buffers em 20251223.log
HP	0	04:40:36.873	Core 01	2025.12.20 00:00:00   [IndicatorStub] Buffers salvos em cmdmt_buffers.txt
OG	0	04:43:41.192	Core 01	2025.12.20 00:00:00   [IndicatorStub] Buffers salvos em cmdmt_buffers.txt
FN	0	04:47:53.425	Core 01	2025.12.16 00:00:00   [IndicatorStub] Buffers salvos em cmdmt_buffers.txt
PS	0	04:52:32.532	Core 01	2025.12.16 00:00:00   [IndicatorStub] Buffers salvos em cmdmt_buffers.txt

data file: /mnt/c/mql/mt5-shellscripts/Terminal/Tester/Agent-127.0.0.1-3000/MQL5/Files/cmdmt_buffers.txt
SymbolEURUSDPeriodPERIOD_H1
IndicatorZigZag
--- DATA WINDOW (shift=0) ---
buffer0value0.00000000
buffer1value0.00000000
buffer2value0.00000000
buffer3value0.00000000
buffer4value0.00000000
--- BUFFERS (last values) ---
buffer 0: 0.00000000 0.00000000 0.00000000 0.00000000 0.00000000
buffer 1: 0.00000000 0.00000000 0.00000000 0.00000000 0.00000000
buffer 2: 0.00000000 0.00000000 0.00000000 0.00000000 0.00000000
buffer 3: 0.00000000 0.00000000 0.00000000 0.00000000 0.00000000
buffer 4: 0.00000000 0.00000000 0.00000000 0.00000000 0.00000000

