run
root=/mnt/c/mql/mt5-shellscripts/Terminal
exe=/mnt/c/mql/mt5-shellscripts/Terminal/terminal64.exe
ini=/mnt/c/mql/mt5-shellscripts/Terminal/cmdmt_tester.ini
start_ts=1766538000.790349

terminal log: /mnt/c/mql/mt5-shellscripts/Terminal/Logs/20251223.log
FN	0	22:00:03.084	Network	'86013097': authorized on Dukascopy-demo-mt5-1 through mt5-demoas-1
JJ	0	22:00:03.084	Network	'86013097': previous successful authorization performed from 177.37.141.253 on 2025.12.24 02:52:06
II	0	22:00:03.354	Network	'86013097': terminal synchronized with Dukascopy Bank SA: 0 positions, 0 orders, 418 symbols, 0 spreads
EI	0	22:00:03.354	Network	'86013097': trading has been enabled - hedging mode
OJ	0	22:00:03.806	Terminal	exit with code -1000012354
MD	0	22:00:03.807	Network	'86013097': disconnected from Dukascopy-demo-mt5-1
MG	0	22:00:03.856	Terminal	stopped with 0
JI	0	22:00:03.966	Terminal	shutdown with -1000012354 (tester no expert specified in the start config)

mql5 log: /mnt/c/mql/mt5-shellscripts/Terminal/MQL5/Logs/20251223.log
ME	0	04:40:30.963	CmdmtPreDownload (EURUSD,H1)	[CmdmtPreDownload] attempt=1 copied=48 err=0
RQ	0	04:43:34.730	CmdmtPreDownload (EURUSD,H1)	[CmdmtPreDownload] attempt=1 copied=48 err=0
GN	0	04:47:46.577	CmdmtPreDownload (EURUSD,H1)	[CmdmtPreDownload] attempt=1 copied=144 err=0
NK	0	04:49:40.358	CmdmtPreDownload (EURUSD,H1)	[CmdmtPreDownload] attempt=1 copied=144 err=0
LG	0	04:52:26.741	CmdmtPreDownload (EURUSD,H1)	[CmdmtPreDownload] attempt=1 copied=144 err=0
KS	0	05:01:05.382	CmdmtPreDownload (EURUSD,H1)	[CmdmtPreDownload] attempt=1 copied=144 err=0
KO	0	21:37:31.977	CmdmtPreDownload (EURUSD,M1)	[CmdmtPreDownload] attempt=1 copied=10207 err=0
JK	0	21:51:32.730	CmdmtPreDownload (EURUSD,M1)	[CmdmtPreDownload] attempt=1 copied=50000 err=0

tester log: /mnt/c/mql/mt5-shellscripts/Terminal/Tester/Logs/20251223.log
DO	2	21:51:31.461	Tester	no expert specified in the start config
IE	0	21:51:36.597	Tester	Local network farm switched off
IO	0	21:51:36.597	Tester	Cloud servers switched off
CJ	0	21:51:38.139	Tester	"IndicatorStub.ex5" X64
OM	3	21:51:38.477	Tester	EURUSD: no history data from 2025.10.24 00:00 to 2025.12.23 00:00
RE	0	22:00:02.062	Tester	Local network farm switched off
JN	0	22:00:02.062	Tester	Cloud servers switched off
IE	2	22:00:02.593	Tester	no expert specified in the start config

buffers em 20251223.log
PS	0	04:52:32.532	Core 01	2025.12.16 00:00:00   [IndicatorStub] Buffers salvos em cmdmt_buffers.txt
FP	0	05:01:11.875	Core 01	2025.12.16 00:00:00   [IndicatorStub] Buffers salvos em cmdmt_buffers.txt
RI	0	21:37:38.084	Core 01	2025.12.16 00:00:00   [IndicatorStub] Buffers salvos em cmdmt_buffers.txt
NO	0	21:42:48.146	Core 01	2025.12.16 00:00:00   [IndicatorStub] Buffers salvos em cmdmt_buffers.txt

data file: /mnt/c/mql/mt5-shellscripts/Terminal/Tester/Agent-127.0.0.1-3000/MQL5/Files/cmdmt_buffers.txt
SymbolEURUSDPeriodPERIOD_H1
IndicatorZigZag
--- DATA WINDOW (shift=0) ---
buffer0value0.00000000
buffer1value0.00000000
buffer2value0.00000000
buffer3value0.00000000
buffer4value0.00000000
--- BUFFERS (last values) ---
buffer 0: 0.00000000 0.00000000 0.00000000 0.00000000 0.00000000
buffer 1: 0.00000000 0.00000000 0.00000000 0.00000000 0.00000000
buffer 2: 0.00000000 0.00000000 0.00000000 0.00000000 0.00000000
buffer 3: 0.00000000 0.00000000 0.00000000 0.00000000 0.00000000
buffer 4: 0.00000000 0.00000000 0.00000000 0.00000000 0.00000000

